Symlinking /home/kotesh/catkin_ws/devel/include/pkg_iot_ros_bridge/msgIotRosGoal.h
Symlinking /home/kotesh/catkin_ws/devel/include/pkg_iot_ros_bridge/msgIotRosFeedback.h
Symlinking /home/kotesh/catkin_ws/devel/include/pkg_iot_ros_bridge/msgIotRosActionResult.h
Symlinking /home/kotesh/catkin_ws/devel/include/pkg_iot_ros_bridge/msgIotRosActionGoal.h
Symlinking /home/kotesh/catkin_ws/devel/include/pkg_iot_ros_bridge/msgIotRosActionFeedback.h
Symlinking /home/kotesh/catkin_ws/devel/include/pkg_iot_ros_bridge/msgIotRosAction.h
Symlinking /home/kotesh/catkin_ws/devel/include/pkg_iot_ros_bridge/msgIotRosResult.h
Symlinking /home/kotesh/catkin_ws/devel/share/pkg_iot_ros_bridge/cmake/pkg_iot_ros_bridgeConfig-version.cmake
Symlinking /home/kotesh/catkin_ws/devel/share/pkg_iot_ros_bridge/cmake/pkg_iot_ros_bridge-msg-extras.cmake
Symlinking /home/kotesh/catkin_ws/devel/share/pkg_iot_ros_bridge/cmake/pkg_iot_ros_bridgeConfig.cmake
Symlinking /home/kotesh/catkin_ws/devel/share/pkg_iot_ros_bridge/cmake/pkg_iot_ros_bridge-msg-paths.cmake
Symlinking /home/kotesh/catkin_ws/devel/share/pkg_iot_ros_bridge/msg/msgIotRosActionFeedback.msg
Symlinking /home/kotesh/catkin_ws/devel/share/pkg_iot_ros_bridge/msg/msgIotRosActionGoal.msg
Symlinking /home/kotesh/catkin_ws/devel/share/pkg_iot_ros_bridge/msg/msgIotRosAction.msg
Symlinking /home/kotesh/catkin_ws/devel/share/pkg_iot_ros_bridge/msg/msgIotRosGoal.msg
Symlinking /home/kotesh/catkin_ws/devel/share/pkg_iot_ros_bridge/msg/msgIotRosActionResult.msg
Symlinking /home/kotesh/catkin_ws/devel/share/pkg_iot_ros_bridge/msg/msgIotRosFeedback.msg
Symlinking /home/kotesh/catkin_ws/devel/share/pkg_iot_ros_bridge/msg/msgIotRosResult.msg
Symlinking /home/kotesh/catkin_ws/devel/share/roseus/ros/pkg_iot_ros_bridge/manifest.l
Symlinking /home/kotesh/catkin_ws/devel/share/roseus/ros/pkg_iot_ros_bridge/msg/msgIotRosGoal.l
Symlinking /home/kotesh/catkin_ws/devel/share/roseus/ros/pkg_iot_ros_bridge/msg/msgIotRosActionResult.l
Symlinking /home/kotesh/catkin_ws/devel/share/roseus/ros/pkg_iot_ros_bridge/msg/msgIotRosAction.l
Symlinking /home/kotesh/catkin_ws/devel/share/roseus/ros/pkg_iot_ros_bridge/msg/msgIotRosActionFeedback.l
Symlinking /home/kotesh/catkin_ws/devel/share/roseus/ros/pkg_iot_ros_bridge/msg/msgIotRosFeedback.l
Symlinking /home/kotesh/catkin_ws/devel/share/roseus/ros/pkg_iot_ros_bridge/msg/msgIotRosResult.l
Symlinking /home/kotesh/catkin_ws/devel/share/roseus/ros/pkg_iot_ros_bridge/msg/msgIotRosActionGoal.l
Symlinking /home/kotesh/catkin_ws/devel/share/common-lisp/ros/pkg_iot_ros_bridge/msg/_package_msgIotRosActionFeedback.lisp
Symlinking /home/kotesh/catkin_ws/devel/share/common-lisp/ros/pkg_iot_ros_bridge/msg/_package_msgIotRosAction.lisp
Symlinking /home/kotesh/catkin_ws/devel/share/common-lisp/ros/pkg_iot_ros_bridge/msg/_package_msgIotRosGoal.lisp
Symlinking /home/kotesh/catkin_ws/devel/share/common-lisp/ros/pkg_iot_ros_bridge/msg/_package.lisp
Symlinking /home/kotesh/catkin_ws/devel/share/common-lisp/ros/pkg_iot_ros_bridge/msg/pkg_iot_ros_bridge-msg.asd
Symlinking /home/kotesh/catkin_ws/devel/share/common-lisp/ros/pkg_iot_ros_bridge/msg/msgIotRosActionGoal.lisp
Symlinking /home/kotesh/catkin_ws/devel/share/common-lisp/ros/pkg_iot_ros_bridge/msg/_package_msgIotRosActionResult.lisp
Symlinking /home/kotesh/catkin_ws/devel/share/common-lisp/ros/pkg_iot_ros_bridge/msg/msgIotRosGoal.lisp
Symlinking /home/kotesh/catkin_ws/devel/share/common-lisp/ros/pkg_iot_ros_bridge/msg/msgIotRosActionResult.lisp
Symlinking /home/kotesh/catkin_ws/devel/share/common-lisp/ros/pkg_iot_ros_bridge/msg/_package_msgIotRosResult.lisp
Symlinking /home/kotesh/catkin_ws/devel/share/common-lisp/ros/pkg_iot_ros_bridge/msg/msgIotRosActionFeedback.lisp
Symlinking /home/kotesh/catkin_ws/devel/share/common-lisp/ros/pkg_iot_ros_bridge/msg/msgIotRosFeedback.lisp
Symlinking /home/kotesh/catkin_ws/devel/share/common-lisp/ros/pkg_iot_ros_bridge/msg/_package_msgIotRosActionGoal.lisp
Symlinking /home/kotesh/catkin_ws/devel/share/common-lisp/ros/pkg_iot_ros_bridge/msg/msgIotRosResult.lisp
Symlinking /home/kotesh/catkin_ws/devel/share/common-lisp/ros/pkg_iot_ros_bridge/msg/_package_msgIotRosFeedback.lisp
Symlinking /home/kotesh/catkin_ws/devel/share/common-lisp/ros/pkg_iot_ros_bridge/msg/msgIotRosAction.lisp
Symlinking /home/kotesh/catkin_ws/devel/share/gennodejs/ros/pkg_iot_ros_bridge/_index.js
Symlinking /home/kotesh/catkin_ws/devel/share/gennodejs/ros/pkg_iot_ros_bridge/msg/msgIotRosResult.js
Symlinking /home/kotesh/catkin_ws/devel/share/gennodejs/ros/pkg_iot_ros_bridge/msg/msgIotRosActionFeedback.js
Symlinking /home/kotesh/catkin_ws/devel/share/gennodejs/ros/pkg_iot_ros_bridge/msg/_index.js
Symlinking /home/kotesh/catkin_ws/devel/share/gennodejs/ros/pkg_iot_ros_bridge/msg/msgIotRosActionResult.js
Symlinking /home/kotesh/catkin_ws/devel/share/gennodejs/ros/pkg_iot_ros_bridge/msg/msgIotRosFeedback.js
Symlinking /home/kotesh/catkin_ws/devel/share/gennodejs/ros/pkg_iot_ros_bridge/msg/msgIotRosActionGoal.js
Symlinking /home/kotesh/catkin_ws/devel/share/gennodejs/ros/pkg_iot_ros_bridge/msg/msgIotRosAction.js
Symlinking /home/kotesh/catkin_ws/devel/share/gennodejs/ros/pkg_iot_ros_bridge/msg/msgIotRosGoal.js
Symlinking /home/kotesh/catkin_ws/devel/lib/python2.7/dist-packages/pkg_iot_ros_bridge/__init__.py
Symlinking /home/kotesh/catkin_ws/devel/lib/python2.7/dist-packages/pkg_iot_ros_bridge/msg/_msgIotRosGoal.py
Symlinking /home/kotesh/catkin_ws/devel/lib/python2.7/dist-packages/pkg_iot_ros_bridge/msg/_msgIotRosAction.py
Symlinking /home/kotesh/catkin_ws/devel/lib/python2.7/dist-packages/pkg_iot_ros_bridge/msg/_msgIotRosActionGoal.py
Symlinking /home/kotesh/catkin_ws/devel/lib/python2.7/dist-packages/pkg_iot_ros_bridge/msg/_msgIotRosActionResult.py
Symlinking /home/kotesh/catkin_ws/devel/lib/python2.7/dist-packages/pkg_iot_ros_bridge/msg/_msgIotRosResult.py
Symlinking /home/kotesh/catkin_ws/devel/lib/python2.7/dist-packages/pkg_iot_ros_bridge/msg/__init__.py
Symlinking /home/kotesh/catkin_ws/devel/lib/python2.7/dist-packages/pkg_iot_ros_bridge/msg/_msgIotRosFeedback.py
Symlinking /home/kotesh/catkin_ws/devel/lib/python2.7/dist-packages/pkg_iot_ros_bridge/msg/_msgIotRosActionFeedback.py
Symlinking /home/kotesh/catkin_ws/devel/lib/pkgconfig/pkg_iot_ros_bridge.pc
