Linked: (/home/kotesh/catkin_ws/devel/.private/pkg_iot_ros_bridge/include/pkg_iot_ros_bridge/msgIotRosGoal.h, /home/kotesh/catkin_ws/devel/include/pkg_iot_ros_bridge/msgIotRosGoal.h)
Linked: (/home/kotesh/catkin_ws/devel/.private/pkg_iot_ros_bridge/include/pkg_iot_ros_bridge/msgMqttSub.h, /home/kotesh/catkin_ws/devel/include/pkg_iot_ros_bridge/msgMqttSub.h)
Linked: (/home/kotesh/catkin_ws/devel/.private/pkg_iot_ros_bridge/include/pkg_iot_ros_bridge/msgIotRosFeedback.h, /home/kotesh/catkin_ws/devel/include/pkg_iot_ros_bridge/msgIotRosFeedback.h)
Linked: (/home/kotesh/catkin_ws/devel/.private/pkg_iot_ros_bridge/include/pkg_iot_ros_bridge/msgIotRosActionResult.h, /home/kotesh/catkin_ws/devel/include/pkg_iot_ros_bridge/msgIotRosActionResult.h)
Linked: (/home/kotesh/catkin_ws/devel/.private/pkg_iot_ros_bridge/include/pkg_iot_ros_bridge/msgIotRosActionGoal.h, /home/kotesh/catkin_ws/devel/include/pkg_iot_ros_bridge/msgIotRosActionGoal.h)
Linked: (/home/kotesh/catkin_ws/devel/.private/pkg_iot_ros_bridge/include/pkg_iot_ros_bridge/msgIotRosActionFeedback.h, /home/kotesh/catkin_ws/devel/include/pkg_iot_ros_bridge/msgIotRosActionFeedback.h)
Linked: (/home/kotesh/catkin_ws/devel/.private/pkg_iot_ros_bridge/include/pkg_iot_ros_bridge/msgIotRosAction.h, /home/kotesh/catkin_ws/devel/include/pkg_iot_ros_bridge/msgIotRosAction.h)
Linked: (/home/kotesh/catkin_ws/devel/.private/pkg_iot_ros_bridge/include/pkg_iot_ros_bridge/msgIotRosResult.h, /home/kotesh/catkin_ws/devel/include/pkg_iot_ros_bridge/msgIotRosResult.h)
Linked: (/home/kotesh/catkin_ws/devel/.private/pkg_iot_ros_bridge/share/pkg_iot_ros_bridge/cmake/pkg_iot_ros_bridgeConfig-version.cmake, /home/kotesh/catkin_ws/devel/share/pkg_iot_ros_bridge/cmake/pkg_iot_ros_bridgeConfig-version.cmake)
Linked: (/home/kotesh/catkin_ws/devel/.private/pkg_iot_ros_bridge/share/pkg_iot_ros_bridge/cmake/pkg_iot_ros_bridge-msg-extras.cmake, /home/kotesh/catkin_ws/devel/share/pkg_iot_ros_bridge/cmake/pkg_iot_ros_bridge-msg-extras.cmake)
Linked: (/home/kotesh/catkin_ws/devel/.private/pkg_iot_ros_bridge/share/pkg_iot_ros_bridge/cmake/pkg_iot_ros_bridgeConfig.cmake, /home/kotesh/catkin_ws/devel/share/pkg_iot_ros_bridge/cmake/pkg_iot_ros_bridgeConfig.cmake)
Linked: (/home/kotesh/catkin_ws/devel/.private/pkg_iot_ros_bridge/share/pkg_iot_ros_bridge/cmake/pkg_iot_ros_bridge-msg-paths.cmake, /home/kotesh/catkin_ws/devel/share/pkg_iot_ros_bridge/cmake/pkg_iot_ros_bridge-msg-paths.cmake)
Linked: (/home/kotesh/catkin_ws/devel/.private/pkg_iot_ros_bridge/share/pkg_iot_ros_bridge/msg/msgIotRosActionFeedback.msg, /home/kotesh/catkin_ws/devel/share/pkg_iot_ros_bridge/msg/msgIotRosActionFeedback.msg)
Linked: (/home/kotesh/catkin_ws/devel/.private/pkg_iot_ros_bridge/share/pkg_iot_ros_bridge/msg/msgIotRosActionGoal.msg, /home/kotesh/catkin_ws/devel/share/pkg_iot_ros_bridge/msg/msgIotRosActionGoal.msg)
Linked: (/home/kotesh/catkin_ws/devel/.private/pkg_iot_ros_bridge/share/pkg_iot_ros_bridge/msg/msgIotRosAction.msg, /home/kotesh/catkin_ws/devel/share/pkg_iot_ros_bridge/msg/msgIotRosAction.msg)
Linked: (/home/kotesh/catkin_ws/devel/.private/pkg_iot_ros_bridge/share/pkg_iot_ros_bridge/msg/msgIotRosGoal.msg, /home/kotesh/catkin_ws/devel/share/pkg_iot_ros_bridge/msg/msgIotRosGoal.msg)
Linked: (/home/kotesh/catkin_ws/devel/.private/pkg_iot_ros_bridge/share/pkg_iot_ros_bridge/msg/msgIotRosActionResult.msg, /home/kotesh/catkin_ws/devel/share/pkg_iot_ros_bridge/msg/msgIotRosActionResult.msg)
Linked: (/home/kotesh/catkin_ws/devel/.private/pkg_iot_ros_bridge/share/pkg_iot_ros_bridge/msg/msgIotRosFeedback.msg, /home/kotesh/catkin_ws/devel/share/pkg_iot_ros_bridge/msg/msgIotRosFeedback.msg)
Linked: (/home/kotesh/catkin_ws/devel/.private/pkg_iot_ros_bridge/share/pkg_iot_ros_bridge/msg/msgIotRosResult.msg, /home/kotesh/catkin_ws/devel/share/pkg_iot_ros_bridge/msg/msgIotRosResult.msg)
Linked: (/home/kotesh/catkin_ws/devel/.private/pkg_iot_ros_bridge/share/roseus/ros/pkg_iot_ros_bridge/manifest.l, /home/kotesh/catkin_ws/devel/share/roseus/ros/pkg_iot_ros_bridge/manifest.l)
Linked: (/home/kotesh/catkin_ws/devel/.private/pkg_iot_ros_bridge/share/roseus/ros/pkg_iot_ros_bridge/msg/msgIotRosGoal.l, /home/kotesh/catkin_ws/devel/share/roseus/ros/pkg_iot_ros_bridge/msg/msgIotRosGoal.l)
Linked: (/home/kotesh/catkin_ws/devel/.private/pkg_iot_ros_bridge/share/roseus/ros/pkg_iot_ros_bridge/msg/msgIotRosActionResult.l, /home/kotesh/catkin_ws/devel/share/roseus/ros/pkg_iot_ros_bridge/msg/msgIotRosActionResult.l)
Linked: (/home/kotesh/catkin_ws/devel/.private/pkg_iot_ros_bridge/share/roseus/ros/pkg_iot_ros_bridge/msg/msgIotRosAction.l, /home/kotesh/catkin_ws/devel/share/roseus/ros/pkg_iot_ros_bridge/msg/msgIotRosAction.l)
Linked: (/home/kotesh/catkin_ws/devel/.private/pkg_iot_ros_bridge/share/roseus/ros/pkg_iot_ros_bridge/msg/msgIotRosActionFeedback.l, /home/kotesh/catkin_ws/devel/share/roseus/ros/pkg_iot_ros_bridge/msg/msgIotRosActionFeedback.l)
Linked: (/home/kotesh/catkin_ws/devel/.private/pkg_iot_ros_bridge/share/roseus/ros/pkg_iot_ros_bridge/msg/msgIotRosFeedback.l, /home/kotesh/catkin_ws/devel/share/roseus/ros/pkg_iot_ros_bridge/msg/msgIotRosFeedback.l)
Linked: (/home/kotesh/catkin_ws/devel/.private/pkg_iot_ros_bridge/share/roseus/ros/pkg_iot_ros_bridge/msg/msgMqttSub.l, /home/kotesh/catkin_ws/devel/share/roseus/ros/pkg_iot_ros_bridge/msg/msgMqttSub.l)
Linked: (/home/kotesh/catkin_ws/devel/.private/pkg_iot_ros_bridge/share/roseus/ros/pkg_iot_ros_bridge/msg/msgIotRosResult.l, /home/kotesh/catkin_ws/devel/share/roseus/ros/pkg_iot_ros_bridge/msg/msgIotRosResult.l)
Linked: (/home/kotesh/catkin_ws/devel/.private/pkg_iot_ros_bridge/share/roseus/ros/pkg_iot_ros_bridge/msg/msgIotRosActionGoal.l, /home/kotesh/catkin_ws/devel/share/roseus/ros/pkg_iot_ros_bridge/msg/msgIotRosActionGoal.l)
Linked: (/home/kotesh/catkin_ws/devel/.private/pkg_iot_ros_bridge/share/common-lisp/ros/pkg_iot_ros_bridge/msg/_package_msgIotRosActionFeedback.lisp, /home/kotesh/catkin_ws/devel/share/common-lisp/ros/pkg_iot_ros_bridge/msg/_package_msgIotRosActionFeedback.lisp)
Linked: (/home/kotesh/catkin_ws/devel/.private/pkg_iot_ros_bridge/share/common-lisp/ros/pkg_iot_ros_bridge/msg/_package_msgIotRosAction.lisp, /home/kotesh/catkin_ws/devel/share/common-lisp/ros/pkg_iot_ros_bridge/msg/_package_msgIotRosAction.lisp)
Linked: (/home/kotesh/catkin_ws/devel/.private/pkg_iot_ros_bridge/share/common-lisp/ros/pkg_iot_ros_bridge/msg/msgMqttSub.lisp, /home/kotesh/catkin_ws/devel/share/common-lisp/ros/pkg_iot_ros_bridge/msg/msgMqttSub.lisp)
Linked: (/home/kotesh/catkin_ws/devel/.private/pkg_iot_ros_bridge/share/common-lisp/ros/pkg_iot_ros_bridge/msg/_package_msgIotRosGoal.lisp, /home/kotesh/catkin_ws/devel/share/common-lisp/ros/pkg_iot_ros_bridge/msg/_package_msgIotRosGoal.lisp)
Linked: (/home/kotesh/catkin_ws/devel/.private/pkg_iot_ros_bridge/share/common-lisp/ros/pkg_iot_ros_bridge/msg/_package.lisp, /home/kotesh/catkin_ws/devel/share/common-lisp/ros/pkg_iot_ros_bridge/msg/_package.lisp)
Linked: (/home/kotesh/catkin_ws/devel/.private/pkg_iot_ros_bridge/share/common-lisp/ros/pkg_iot_ros_bridge/msg/pkg_iot_ros_bridge-msg.asd, /home/kotesh/catkin_ws/devel/share/common-lisp/ros/pkg_iot_ros_bridge/msg/pkg_iot_ros_bridge-msg.asd)
Linked: (/home/kotesh/catkin_ws/devel/.private/pkg_iot_ros_bridge/share/common-lisp/ros/pkg_iot_ros_bridge/msg/msgIotRosActionGoal.lisp, /home/kotesh/catkin_ws/devel/share/common-lisp/ros/pkg_iot_ros_bridge/msg/msgIotRosActionGoal.lisp)
Linked: (/home/kotesh/catkin_ws/devel/.private/pkg_iot_ros_bridge/share/common-lisp/ros/pkg_iot_ros_bridge/msg/_package_msgIotRosActionResult.lisp, /home/kotesh/catkin_ws/devel/share/common-lisp/ros/pkg_iot_ros_bridge/msg/_package_msgIotRosActionResult.lisp)
Linked: (/home/kotesh/catkin_ws/devel/.private/pkg_iot_ros_bridge/share/common-lisp/ros/pkg_iot_ros_bridge/msg/msgIotRosGoal.lisp, /home/kotesh/catkin_ws/devel/share/common-lisp/ros/pkg_iot_ros_bridge/msg/msgIotRosGoal.lisp)
Linked: (/home/kotesh/catkin_ws/devel/.private/pkg_iot_ros_bridge/share/common-lisp/ros/pkg_iot_ros_bridge/msg/msgIotRosActionResult.lisp, /home/kotesh/catkin_ws/devel/share/common-lisp/ros/pkg_iot_ros_bridge/msg/msgIotRosActionResult.lisp)
Linked: (/home/kotesh/catkin_ws/devel/.private/pkg_iot_ros_bridge/share/common-lisp/ros/pkg_iot_ros_bridge/msg/_package_msgIotRosResult.lisp, /home/kotesh/catkin_ws/devel/share/common-lisp/ros/pkg_iot_ros_bridge/msg/_package_msgIotRosResult.lisp)
Linked: (/home/kotesh/catkin_ws/devel/.private/pkg_iot_ros_bridge/share/common-lisp/ros/pkg_iot_ros_bridge/msg/msgIotRosActionFeedback.lisp, /home/kotesh/catkin_ws/devel/share/common-lisp/ros/pkg_iot_ros_bridge/msg/msgIotRosActionFeedback.lisp)
Linked: (/home/kotesh/catkin_ws/devel/.private/pkg_iot_ros_bridge/share/common-lisp/ros/pkg_iot_ros_bridge/msg/msgIotRosFeedback.lisp, /home/kotesh/catkin_ws/devel/share/common-lisp/ros/pkg_iot_ros_bridge/msg/msgIotRosFeedback.lisp)
Linked: (/home/kotesh/catkin_ws/devel/.private/pkg_iot_ros_bridge/share/common-lisp/ros/pkg_iot_ros_bridge/msg/_package_msgMqttSub.lisp, /home/kotesh/catkin_ws/devel/share/common-lisp/ros/pkg_iot_ros_bridge/msg/_package_msgMqttSub.lisp)
Linked: (/home/kotesh/catkin_ws/devel/.private/pkg_iot_ros_bridge/share/common-lisp/ros/pkg_iot_ros_bridge/msg/_package_msgIotRosActionGoal.lisp, /home/kotesh/catkin_ws/devel/share/common-lisp/ros/pkg_iot_ros_bridge/msg/_package_msgIotRosActionGoal.lisp)
Linked: (/home/kotesh/catkin_ws/devel/.private/pkg_iot_ros_bridge/share/common-lisp/ros/pkg_iot_ros_bridge/msg/msgIotRosResult.lisp, /home/kotesh/catkin_ws/devel/share/common-lisp/ros/pkg_iot_ros_bridge/msg/msgIotRosResult.lisp)
Linked: (/home/kotesh/catkin_ws/devel/.private/pkg_iot_ros_bridge/share/common-lisp/ros/pkg_iot_ros_bridge/msg/_package_msgIotRosFeedback.lisp, /home/kotesh/catkin_ws/devel/share/common-lisp/ros/pkg_iot_ros_bridge/msg/_package_msgIotRosFeedback.lisp)
Linked: (/home/kotesh/catkin_ws/devel/.private/pkg_iot_ros_bridge/share/common-lisp/ros/pkg_iot_ros_bridge/msg/msgIotRosAction.lisp, /home/kotesh/catkin_ws/devel/share/common-lisp/ros/pkg_iot_ros_bridge/msg/msgIotRosAction.lisp)
Linked: (/home/kotesh/catkin_ws/devel/.private/pkg_iot_ros_bridge/share/gennodejs/ros/pkg_iot_ros_bridge/_index.js, /home/kotesh/catkin_ws/devel/share/gennodejs/ros/pkg_iot_ros_bridge/_index.js)
Linked: (/home/kotesh/catkin_ws/devel/.private/pkg_iot_ros_bridge/share/gennodejs/ros/pkg_iot_ros_bridge/msg/msgIotRosResult.js, /home/kotesh/catkin_ws/devel/share/gennodejs/ros/pkg_iot_ros_bridge/msg/msgIotRosResult.js)
Linked: (/home/kotesh/catkin_ws/devel/.private/pkg_iot_ros_bridge/share/gennodejs/ros/pkg_iot_ros_bridge/msg/msgIotRosActionFeedback.js, /home/kotesh/catkin_ws/devel/share/gennodejs/ros/pkg_iot_ros_bridge/msg/msgIotRosActionFeedback.js)
Linked: (/home/kotesh/catkin_ws/devel/.private/pkg_iot_ros_bridge/share/gennodejs/ros/pkg_iot_ros_bridge/msg/_index.js, /home/kotesh/catkin_ws/devel/share/gennodejs/ros/pkg_iot_ros_bridge/msg/_index.js)
Linked: (/home/kotesh/catkin_ws/devel/.private/pkg_iot_ros_bridge/share/gennodejs/ros/pkg_iot_ros_bridge/msg/msgIotRosActionResult.js, /home/kotesh/catkin_ws/devel/share/gennodejs/ros/pkg_iot_ros_bridge/msg/msgIotRosActionResult.js)
Linked: (/home/kotesh/catkin_ws/devel/.private/pkg_iot_ros_bridge/share/gennodejs/ros/pkg_iot_ros_bridge/msg/msgIotRosFeedback.js, /home/kotesh/catkin_ws/devel/share/gennodejs/ros/pkg_iot_ros_bridge/msg/msgIotRosFeedback.js)
Linked: (/home/kotesh/catkin_ws/devel/.private/pkg_iot_ros_bridge/share/gennodejs/ros/pkg_iot_ros_bridge/msg/msgMqttSub.js, /home/kotesh/catkin_ws/devel/share/gennodejs/ros/pkg_iot_ros_bridge/msg/msgMqttSub.js)
Linked: (/home/kotesh/catkin_ws/devel/.private/pkg_iot_ros_bridge/share/gennodejs/ros/pkg_iot_ros_bridge/msg/msgIotRosActionGoal.js, /home/kotesh/catkin_ws/devel/share/gennodejs/ros/pkg_iot_ros_bridge/msg/msgIotRosActionGoal.js)
Linked: (/home/kotesh/catkin_ws/devel/.private/pkg_iot_ros_bridge/share/gennodejs/ros/pkg_iot_ros_bridge/msg/msgIotRosAction.js, /home/kotesh/catkin_ws/devel/share/gennodejs/ros/pkg_iot_ros_bridge/msg/msgIotRosAction.js)
Linked: (/home/kotesh/catkin_ws/devel/.private/pkg_iot_ros_bridge/share/gennodejs/ros/pkg_iot_ros_bridge/msg/msgIotRosGoal.js, /home/kotesh/catkin_ws/devel/share/gennodejs/ros/pkg_iot_ros_bridge/msg/msgIotRosGoal.js)
Linked: (/home/kotesh/catkin_ws/devel/.private/pkg_iot_ros_bridge/lib/python2.7/dist-packages/pkg_iot_ros_bridge/__init__.py, /home/kotesh/catkin_ws/devel/lib/python2.7/dist-packages/pkg_iot_ros_bridge/__init__.py)
Linked: (/home/kotesh/catkin_ws/devel/.private/pkg_iot_ros_bridge/lib/python2.7/dist-packages/pkg_iot_ros_bridge/msg/_msgIotRosGoal.py, /home/kotesh/catkin_ws/devel/lib/python2.7/dist-packages/pkg_iot_ros_bridge/msg/_msgIotRosGoal.py)
Linked: (/home/kotesh/catkin_ws/devel/.private/pkg_iot_ros_bridge/lib/python2.7/dist-packages/pkg_iot_ros_bridge/msg/_msgMqttSub.py, /home/kotesh/catkin_ws/devel/lib/python2.7/dist-packages/pkg_iot_ros_bridge/msg/_msgMqttSub.py)
Linked: (/home/kotesh/catkin_ws/devel/.private/pkg_iot_ros_bridge/lib/python2.7/dist-packages/pkg_iot_ros_bridge/msg/_msgIotRosAction.py, /home/kotesh/catkin_ws/devel/lib/python2.7/dist-packages/pkg_iot_ros_bridge/msg/_msgIotRosAction.py)
Linked: (/home/kotesh/catkin_ws/devel/.private/pkg_iot_ros_bridge/lib/python2.7/dist-packages/pkg_iot_ros_bridge/msg/_msgIotRosActionGoal.py, /home/kotesh/catkin_ws/devel/lib/python2.7/dist-packages/pkg_iot_ros_bridge/msg/_msgIotRosActionGoal.py)
Linked: (/home/kotesh/catkin_ws/devel/.private/pkg_iot_ros_bridge/lib/python2.7/dist-packages/pkg_iot_ros_bridge/msg/_msgIotRosActionResult.py, /home/kotesh/catkin_ws/devel/lib/python2.7/dist-packages/pkg_iot_ros_bridge/msg/_msgIotRosActionResult.py)
Linked: (/home/kotesh/catkin_ws/devel/.private/pkg_iot_ros_bridge/lib/python2.7/dist-packages/pkg_iot_ros_bridge/msg/_msgIotRosResult.py, /home/kotesh/catkin_ws/devel/lib/python2.7/dist-packages/pkg_iot_ros_bridge/msg/_msgIotRosResult.py)
Linked: (/home/kotesh/catkin_ws/devel/.private/pkg_iot_ros_bridge/lib/python2.7/dist-packages/pkg_iot_ros_bridge/msg/__init__.py, /home/kotesh/catkin_ws/devel/lib/python2.7/dist-packages/pkg_iot_ros_bridge/msg/__init__.py)
Linked: (/home/kotesh/catkin_ws/devel/.private/pkg_iot_ros_bridge/lib/python2.7/dist-packages/pkg_iot_ros_bridge/msg/_msgIotRosFeedback.py, /home/kotesh/catkin_ws/devel/lib/python2.7/dist-packages/pkg_iot_ros_bridge/msg/_msgIotRosFeedback.py)
Linked: (/home/kotesh/catkin_ws/devel/.private/pkg_iot_ros_bridge/lib/python2.7/dist-packages/pkg_iot_ros_bridge/msg/_msgIotRosActionFeedback.py, /home/kotesh/catkin_ws/devel/lib/python2.7/dist-packages/pkg_iot_ros_bridge/msg/_msgIotRosActionFeedback.py)
Linked: (/home/kotesh/catkin_ws/devel/.private/pkg_iot_ros_bridge/lib/pkgconfig/pkg_iot_ros_bridge.pc, /home/kotesh/catkin_ws/devel/lib/pkgconfig/pkg_iot_ros_bridge.pc)
