[35m[1mScanning dependencies of target _pkg_ros_iot_bridge_generate_messages_check_deps_msgRosIotActionGoal[0m
[35m[1mScanning dependencies of target _pkg_ros_iot_bridge_generate_messages_check_deps_msgRosIotActionResult[0m
[35m[1mScanning dependencies of target actionlib_msgs_generate_messages_eus[0m
[35m[1mScanning dependencies of target _pkg_ros_iot_bridge_generate_messages_check_deps_msgRosIotGoal[0m
[35m[1mScanning dependencies of target _pkg_ros_iot_bridge_generate_messages_check_deps_msgRosIotFeedback[0m
[35m[1mScanning dependencies of target _pkg_ros_iot_bridge_generate_messages_check_deps_msgRosIotAction[0m
[35m[1mScanning dependencies of target _pkg_ros_iot_bridge_generate_messages_check_deps_msgRosIotActionFeedback[0m
[35m[1mScanning dependencies of target std_msgs_generate_messages_eus[0m
[  0%] Built target actionlib_msgs_generate_messages_eus
[  0%] Built target std_msgs_generate_messages_eus
[35m[1mScanning dependencies of target _pkg_ros_iot_bridge_generate_messages_check_deps_msgRosIotResult[0m
[35m[1mScanning dependencies of target std_msgs_generate_messages_py[0m
[  0%] Built target std_msgs_generate_messages_py
[  0%] Built target _pkg_ros_iot_bridge_generate_messages_check_deps_msgRosIotActionFeedback
[  0%] Built target _pkg_ros_iot_bridge_generate_messages_check_deps_msgRosIotActionResult
[  0%] Built target _pkg_ros_iot_bridge_generate_messages_check_deps_msgRosIotFeedback
[  0%] Built target _pkg_ros_iot_bridge_generate_messages_check_deps_msgRosIotGoal
[  0%] Built target _pkg_ros_iot_bridge_generate_messages_check_deps_msgRosIotActionGoal
[  0%] Built target _pkg_ros_iot_bridge_generate_messages_check_deps_msgRosIotAction
[35m[1mScanning dependencies of target actionlib_msgs_generate_messages_py[0m
[35m[1mScanning dependencies of target std_msgs_generate_messages_nodejs[0m
[35m[1mScanning dependencies of target actionlib_msgs_generate_messages_nodejs[0m
[35m[1mScanning dependencies of target std_msgs_generate_messages_cpp[0m
[35m[1mScanning dependencies of target actionlib_msgs_generate_messages_cpp[0m
[35m[1mScanning dependencies of target std_msgs_generate_messages_lisp[0m
[35m[1mScanning dependencies of target actionlib_msgs_generate_messages_lisp[0m
[  0%] Built target actionlib_msgs_generate_messages_py
[  0%] Built target std_msgs_generate_messages_nodejs
[  0%] Built target std_msgs_generate_messages_cpp
[  0%] Built target actionlib_msgs_generate_messages_nodejs
[  0%] Built target _pkg_ros_iot_bridge_generate_messages_check_deps_msgRosIotResult
[  0%] Built target actionlib_msgs_generate_messages_cpp
[  0%] Built target std_msgs_generate_messages_lisp
[  0%] Built target actionlib_msgs_generate_messages_lisp
[35m[1mScanning dependencies of target pkg_ros_iot_bridge_generate_messages_py[0m
[35m[1mScanning dependencies of target pkg_ros_iot_bridge_generate_messages_eus[0m
[35m[1mScanning dependencies of target pkg_ros_iot_bridge_generate_messages_nodejs[0m
[35m[1mScanning dependencies of target pkg_ros_iot_bridge_generate_messages_cpp[0m
[35m[1mScanning dependencies of target pkg_ros_iot_bridge_generate_messages_lisp[0m
[  2%] [34m[1mGenerating Python from MSG pkg_ros_iot_bridge/msgRosIotActionResult[0m
[  8%] [34m[1mGenerating Python from MSG pkg_ros_iot_bridge/msgRosIotGoal[0m
[  8%] [34m[1mGenerating Python from MSG pkg_ros_iot_bridge/msgRosIotFeedback[0m
[ 10%] [34m[1mGenerating Python from MSG pkg_ros_iot_bridge/msgRosIotActionFeedback[0m
[ 13%] [34m[1mGenerating Javascript code from pkg_ros_iot_bridge/msgRosIotActionResult.msg[0m
[ 16%] [34m[1mGenerating EusLisp code from pkg_ros_iot_bridge/msgRosIotActionResult.msg[0m
[ 18%] [34m[1mGenerating Lisp code from pkg_ros_iot_bridge/msgRosIotActionResult.msg[0m
[ 21%] [34m[1mGenerating C++ code from pkg_ros_iot_bridge/msgRosIotActionResult.msg[0m
[ 24%] [34m[1mGenerating Javascript code from pkg_ros_iot_bridge/msgRosIotActionFeedback.msg[0m
[ 27%] [34m[1mGenerating Lisp code from pkg_ros_iot_bridge/msgRosIotActionFeedback.msg[0m
[ 29%] [34m[1mGenerating EusLisp code from pkg_ros_iot_bridge/msgRosIotActionFeedback.msg[0m
[ 32%] [34m[1mGenerating Javascript code from pkg_ros_iot_bridge/msgRosIotGoal.msg[0m
[ 35%] [34m[1mGenerating Javascript code from pkg_ros_iot_bridge/msgRosIotFeedback.msg[0m
[ 37%] [34m[1mGenerating Python from MSG pkg_ros_iot_bridge/msgRosIotAction[0m
[ 40%] [34m[1mGenerating EusLisp code from pkg_ros_iot_bridge/msgRosIotGoal.msg[0m
[ 43%] [34m[1mGenerating Javascript code from pkg_ros_iot_bridge/msgRosIotAction.msg[0m
[ 45%] [34m[1mGenerating Lisp code from pkg_ros_iot_bridge/msgRosIotGoal.msg[0m
[ 48%] [34m[1mGenerating Lisp code from pkg_ros_iot_bridge/msgRosIotFeedback.msg[0m
[ 51%] [34m[1mGenerating Lisp code from pkg_ros_iot_bridge/msgRosIotAction.msg[0m
[ 54%] [34m[1mGenerating Lisp code from pkg_ros_iot_bridge/msgRosIotResult.msg[0m
[ 59%] [34m[1mGenerating Javascript code from pkg_ros_iot_bridge/msgRosIotResult.msg[0m
[ 59%] [34m[1mGenerating Javascript code from pkg_ros_iot_bridge/msgRosIotActionGoal.msg[0m
[ 62%] [34m[1mGenerating C++ code from pkg_ros_iot_bridge/msgRosIotActionFeedback.msg[0m
[ 64%] [34m[1mGenerating EusLisp code from pkg_ros_iot_bridge/msgRosIotFeedback.msg[0m
[ 67%] [34m[1mGenerating EusLisp code from pkg_ros_iot_bridge/msgRosIotAction.msg[0m
[ 70%] [34m[1mGenerating Lisp code from pkg_ros_iot_bridge/msgRosIotActionGoal.msg[0m
[ 72%] [34m[1mGenerating EusLisp code from pkg_ros_iot_bridge/msgRosIotResult.msg[0m
[ 75%] [34m[1mGenerating Python from MSG pkg_ros_iot_bridge/msgRosIotResult[0m
[ 75%] Built target pkg_ros_iot_bridge_generate_messages_nodejs
[ 78%] [34m[1mGenerating Python from MSG pkg_ros_iot_bridge/msgRosIotActionGoal[0m
[ 81%] [34m[1mGenerating EusLisp code from pkg_ros_iot_bridge/msgRosIotActionGoal.msg[0m
[ 81%] Built target pkg_ros_iot_bridge_generate_messages_lisp
[ 83%] [34m[1mGenerating EusLisp manifest code for pkg_ros_iot_bridge[0m
[ 86%] [34m[1mGenerating C++ code from pkg_ros_iot_bridge/msgRosIotGoal.msg[0m
[ 89%] [34m[1mGenerating C++ code from pkg_ros_iot_bridge/msgRosIotFeedback.msg[0m
[ 91%] [34m[1mGenerating C++ code from pkg_ros_iot_bridge/msgRosIotAction.msg[0m
[ 94%] [34m[1mGenerating C++ code from pkg_ros_iot_bridge/msgRosIotResult.msg[0m
[ 97%] [34m[1mGenerating C++ code from pkg_ros_iot_bridge/msgRosIotActionGoal.msg[0m
[100%] [34m[1mGenerating Python msg __init__.py for pkg_ros_iot_bridge[0m
[100%] Built target pkg_ros_iot_bridge_generate_messages_py
[100%] Built target pkg_ros_iot_bridge_generate_messages_cpp
[100%] Built target pkg_ros_iot_bridge_generate_messages_eus
[35m[1mScanning dependencies of target pkg_ros_iot_bridge_generate_messages[0m
[100%] Built target pkg_ros_iot_bridge_generate_messages
