Determining if the pthread_create exist failed with the following output:
Change Dir: /home/kotesh/catkin_ws/build/ur_description/CMakeFiles/CMakeTmp

Run Build Command:"/usr/bin/make" "cmTC_1de33/fast"
/usr/bin/make -f CMakeFiles/cmTC_1de33.dir/build.make CMakeFiles/cmTC_1de33.dir/build
make[1]: Entering directory '/home/kotesh/catkin_ws/build/ur_description/CMakeFiles/CMakeTmp'
Building C object CMakeFiles/cmTC_1de33.dir/CheckSymbolExists.c.o
/usr/bin/cc    -o CMakeFiles/cmTC_1de33.dir/CheckSymbolExists.c.o   -c /home/kotesh/catkin_ws/build/ur_description/CMakeFiles/CMakeTmp/CheckSymbolExists.c
Linking C executable cmTC_1de33
/usr/bin/cmake -E cmake_link_script CMakeFiles/cmTC_1de33.dir/link.txt --verbose=1
/usr/bin/cc      -rdynamic CMakeFiles/cmTC_1de33.dir/CheckSymbolExists.c.o  -o cmTC_1de33 
CMakeFiles/cmTC_1de33.dir/CheckSymbolExists.c.o: In function `main':
CheckSymbolExists.c:(.text+0x1b): undefined reference to `pthread_create'
collect2: error: ld returned 1 exit status
CMakeFiles/cmTC_1de33.dir/build.make:97: recipe for target 'cmTC_1de33' failed
make[1]: *** [cmTC_1de33] Error 1
make[1]: Leaving directory '/home/kotesh/catkin_ws/build/ur_description/CMakeFiles/CMakeTmp'
Makefile:126: recipe for target 'cmTC_1de33/fast' failed
make: *** [cmTC_1de33/fast] Error 2

File /home/kotesh/catkin_ws/build/ur_description/CMakeFiles/CMakeTmp/CheckSymbolExists.c:
/* */
#include <pthread.h>

int main(int argc, char** argv)
{
  (void)argv;
#ifndef pthread_create
  return ((int*)(&pthread_create))[argc];
#else
  (void)argc;
  return 0;
#endif
}

Determining if the function pthread_create exists in the pthreads failed with the following output:
Change Dir: /home/kotesh/catkin_ws/build/ur_description/CMakeFiles/CMakeTmp

Run Build Command:"/usr/bin/make" "cmTC_1be83/fast"
/usr/bin/make -f CMakeFiles/cmTC_1be83.dir/build.make CMakeFiles/cmTC_1be83.dir/build
make[1]: Entering directory '/home/kotesh/catkin_ws/build/ur_description/CMakeFiles/CMakeTmp'
Building C object CMakeFiles/cmTC_1be83.dir/CheckFunctionExists.c.o
/usr/bin/cc   -DCHECK_FUNCTION_EXISTS=pthread_create   -o CMakeFiles/cmTC_1be83.dir/CheckFunctionExists.c.o   -c /usr/share/cmake-3.10/Modules/CheckFunctionExists.c
Linking C executable cmTC_1be83
/usr/bin/cmake -E cmake_link_script CMakeFiles/cmTC_1be83.dir/link.txt --verbose=1
/usr/bin/cc  -DCHECK_FUNCTION_EXISTS=pthread_create    -rdynamic CMakeFiles/cmTC_1be83.dir/CheckFunctionExists.c.o  -o cmTC_1be83 -lpthreads 
/usr/bin/ld: cannot find -lpthreads
collect2: error: ld returned 1 exit status
CMakeFiles/cmTC_1be83.dir/build.make:97: recipe for target 'cmTC_1be83' failed
make[1]: *** [cmTC_1be83] Error 1
make[1]: Leaving directory '/home/kotesh/catkin_ws/build/ur_description/CMakeFiles/CMakeTmp'
Makefile:126: recipe for target 'cmTC_1be83/fast' failed
make: *** [cmTC_1be83/fast] Error 2


