Determining if the pthread_create exist failed with the following output:
Change Dir: /home/kotesh/catkin_ws/build/pkg_task0/CMakeFiles/CMakeTmp

Run Build Command:"/usr/bin/make" "cmTC_808ef/fast"
/usr/bin/make -f CMakeFiles/cmTC_808ef.dir/build.make CMakeFiles/cmTC_808ef.dir/build
make[1]: Entering directory '/home/kotesh/catkin_ws/build/pkg_task0/CMakeFiles/CMakeTmp'
Building C object CMakeFiles/cmTC_808ef.dir/CheckSymbolExists.c.o
/usr/bin/cc    -o CMakeFiles/cmTC_808ef.dir/CheckSymbolExists.c.o   -c /home/kotesh/catkin_ws/build/pkg_task0/CMakeFiles/CMakeTmp/CheckSymbolExists.c
Linking C executable cmTC_808ef
/usr/bin/cmake -E cmake_link_script CMakeFiles/cmTC_808ef.dir/link.txt --verbose=1
/usr/bin/cc      -rdynamic CMakeFiles/cmTC_808ef.dir/CheckSymbolExists.c.o  -o cmTC_808ef 
CMakeFiles/cmTC_808ef.dir/CheckSymbolExists.c.o: In function `main':
CheckSymbolExists.c:(.text+0x1b): undefined reference to `pthread_create'
collect2: error: ld returned 1 exit status
CMakeFiles/cmTC_808ef.dir/build.make:97: recipe for target 'cmTC_808ef' failed
make[1]: *** [cmTC_808ef] Error 1
make[1]: Leaving directory '/home/kotesh/catkin_ws/build/pkg_task0/CMakeFiles/CMakeTmp'
Makefile:126: recipe for target 'cmTC_808ef/fast' failed
make: *** [cmTC_808ef/fast] Error 2

File /home/kotesh/catkin_ws/build/pkg_task0/CMakeFiles/CMakeTmp/CheckSymbolExists.c:
/* */
#include <pthread.h>

int main(int argc, char** argv)
{
  (void)argv;
#ifndef pthread_create
  return ((int*)(&pthread_create))[argc];
#else
  (void)argc;
  return 0;
#endif
}

Determining if the function pthread_create exists in the pthreads failed with the following output:
Change Dir: /home/kotesh/catkin_ws/build/pkg_task0/CMakeFiles/CMakeTmp

Run Build Command:"/usr/bin/make" "cmTC_07e0f/fast"
/usr/bin/make -f CMakeFiles/cmTC_07e0f.dir/build.make CMakeFiles/cmTC_07e0f.dir/build
make[1]: Entering directory '/home/kotesh/catkin_ws/build/pkg_task0/CMakeFiles/CMakeTmp'
Building C object CMakeFiles/cmTC_07e0f.dir/CheckFunctionExists.c.o
/usr/bin/cc   -DCHECK_FUNCTION_EXISTS=pthread_create   -o CMakeFiles/cmTC_07e0f.dir/CheckFunctionExists.c.o   -c /usr/share/cmake-3.10/Modules/CheckFunctionExists.c
Linking C executable cmTC_07e0f
/usr/bin/cmake -E cmake_link_script CMakeFiles/cmTC_07e0f.dir/link.txt --verbose=1
/usr/bin/cc  -DCHECK_FUNCTION_EXISTS=pthread_create    -rdynamic CMakeFiles/cmTC_07e0f.dir/CheckFunctionExists.c.o  -o cmTC_07e0f -lpthreads 
/usr/bin/ld: cannot find -lpthreads
collect2: error: ld returned 1 exit status
CMakeFiles/cmTC_07e0f.dir/build.make:97: recipe for target 'cmTC_07e0f' failed
make[1]: *** [cmTC_07e0f] Error 1
make[1]: Leaving directory '/home/kotesh/catkin_ws/build/pkg_task0/CMakeFiles/CMakeTmp'
Makefile:126: recipe for target 'cmTC_07e0f/fast' failed
make: *** [cmTC_07e0f/fast] Error 2


