Determining if the pthread_create exist failed with the following output:
Change Dir: /home/kotesh/catkin_ws/build/catkin_tools_prebuild/CMakeFiles/CMakeTmp

Run Build Command:"/usr/bin/make" "cmTC_ff714/fast"
/usr/bin/make -f CMakeFiles/cmTC_ff714.dir/build.make CMakeFiles/cmTC_ff714.dir/build
make[1]: Entering directory '/home/kotesh/catkin_ws/build/catkin_tools_prebuild/CMakeFiles/CMakeTmp'
Building C object CMakeFiles/cmTC_ff714.dir/CheckSymbolExists.c.o
/usr/bin/cc    -o CMakeFiles/cmTC_ff714.dir/CheckSymbolExists.c.o   -c /home/kotesh/catkin_ws/build/catkin_tools_prebuild/CMakeFiles/CMakeTmp/CheckSymbolExists.c
Linking C executable cmTC_ff714
/usr/bin/cmake -E cmake_link_script CMakeFiles/cmTC_ff714.dir/link.txt --verbose=1
/usr/bin/cc      -rdynamic CMakeFiles/cmTC_ff714.dir/CheckSymbolExists.c.o  -o cmTC_ff714 
CMakeFiles/cmTC_ff714.dir/CheckSymbolExists.c.o: In function `main':
CheckSymbolExists.c:(.text+0x1b): undefined reference to `pthread_create'
collect2: error: ld returned 1 exit status
CMakeFiles/cmTC_ff714.dir/build.make:97: recipe for target 'cmTC_ff714' failed
make[1]: *** [cmTC_ff714] Error 1
make[1]: Leaving directory '/home/kotesh/catkin_ws/build/catkin_tools_prebuild/CMakeFiles/CMakeTmp'
Makefile:126: recipe for target 'cmTC_ff714/fast' failed
make: *** [cmTC_ff714/fast] Error 2

File /home/kotesh/catkin_ws/build/catkin_tools_prebuild/CMakeFiles/CMakeTmp/CheckSymbolExists.c:
/* */
#include <pthread.h>

int main(int argc, char** argv)
{
  (void)argv;
#ifndef pthread_create
  return ((int*)(&pthread_create))[argc];
#else
  (void)argc;
  return 0;
#endif
}

Determining if the function pthread_create exists in the pthreads failed with the following output:
Change Dir: /home/kotesh/catkin_ws/build/catkin_tools_prebuild/CMakeFiles/CMakeTmp

Run Build Command:"/usr/bin/make" "cmTC_63ffd/fast"
/usr/bin/make -f CMakeFiles/cmTC_63ffd.dir/build.make CMakeFiles/cmTC_63ffd.dir/build
make[1]: Entering directory '/home/kotesh/catkin_ws/build/catkin_tools_prebuild/CMakeFiles/CMakeTmp'
Building C object CMakeFiles/cmTC_63ffd.dir/CheckFunctionExists.c.o
/usr/bin/cc   -DCHECK_FUNCTION_EXISTS=pthread_create   -o CMakeFiles/cmTC_63ffd.dir/CheckFunctionExists.c.o   -c /usr/share/cmake-3.10/Modules/CheckFunctionExists.c
Linking C executable cmTC_63ffd
/usr/bin/cmake -E cmake_link_script CMakeFiles/cmTC_63ffd.dir/link.txt --verbose=1
/usr/bin/cc  -DCHECK_FUNCTION_EXISTS=pthread_create    -rdynamic CMakeFiles/cmTC_63ffd.dir/CheckFunctionExists.c.o  -o cmTC_63ffd -lpthreads 
/usr/bin/ld: cannot find -lpthreads
collect2: error: ld returned 1 exit status
CMakeFiles/cmTC_63ffd.dir/build.make:97: recipe for target 'cmTC_63ffd' failed
make[1]: *** [cmTC_63ffd] Error 1
make[1]: Leaving directory '/home/kotesh/catkin_ws/build/catkin_tools_prebuild/CMakeFiles/CMakeTmp'
Makefile:126: recipe for target 'cmTC_63ffd/fast' failed
make: *** [cmTC_63ffd/fast] Error 2


