Determining if the pthread_create exist failed with the following output:
Change Dir: /home/kotesh/catkin_ws/build/ur_kinematics/CMakeFiles/CMakeTmp

Run Build Command:"/usr/bin/make" "cmTC_c80fb/fast"
/usr/bin/make -f CMakeFiles/cmTC_c80fb.dir/build.make CMakeFiles/cmTC_c80fb.dir/build
make[1]: Entering directory '/home/kotesh/catkin_ws/build/ur_kinematics/CMakeFiles/CMakeTmp'
Building C object CMakeFiles/cmTC_c80fb.dir/CheckSymbolExists.c.o
/usr/bin/cc    -o CMakeFiles/cmTC_c80fb.dir/CheckSymbolExists.c.o   -c /home/kotesh/catkin_ws/build/ur_kinematics/CMakeFiles/CMakeTmp/CheckSymbolExists.c
Linking C executable cmTC_c80fb
/usr/bin/cmake -E cmake_link_script CMakeFiles/cmTC_c80fb.dir/link.txt --verbose=1
/usr/bin/cc      -rdynamic CMakeFiles/cmTC_c80fb.dir/CheckSymbolExists.c.o  -o cmTC_c80fb 
CMakeFiles/cmTC_c80fb.dir/CheckSymbolExists.c.o: In function `main':
CheckSymbolExists.c:(.text+0x1b): undefined reference to `pthread_create'
collect2: error: ld returned 1 exit status
CMakeFiles/cmTC_c80fb.dir/build.make:97: recipe for target 'cmTC_c80fb' failed
make[1]: *** [cmTC_c80fb] Error 1
make[1]: Leaving directory '/home/kotesh/catkin_ws/build/ur_kinematics/CMakeFiles/CMakeTmp'
Makefile:126: recipe for target 'cmTC_c80fb/fast' failed
make: *** [cmTC_c80fb/fast] Error 2

File /home/kotesh/catkin_ws/build/ur_kinematics/CMakeFiles/CMakeTmp/CheckSymbolExists.c:
/* */
#include <pthread.h>

int main(int argc, char** argv)
{
  (void)argv;
#ifndef pthread_create
  return ((int*)(&pthread_create))[argc];
#else
  (void)argc;
  return 0;
#endif
}

Determining if the function pthread_create exists in the pthreads failed with the following output:
Change Dir: /home/kotesh/catkin_ws/build/ur_kinematics/CMakeFiles/CMakeTmp

Run Build Command:"/usr/bin/make" "cmTC_8df71/fast"
/usr/bin/make -f CMakeFiles/cmTC_8df71.dir/build.make CMakeFiles/cmTC_8df71.dir/build
make[1]: Entering directory '/home/kotesh/catkin_ws/build/ur_kinematics/CMakeFiles/CMakeTmp'
Building C object CMakeFiles/cmTC_8df71.dir/CheckFunctionExists.c.o
/usr/bin/cc   -DCHECK_FUNCTION_EXISTS=pthread_create   -o CMakeFiles/cmTC_8df71.dir/CheckFunctionExists.c.o   -c /usr/share/cmake-3.10/Modules/CheckFunctionExists.c
Linking C executable cmTC_8df71
/usr/bin/cmake -E cmake_link_script CMakeFiles/cmTC_8df71.dir/link.txt --verbose=1
/usr/bin/cc  -DCHECK_FUNCTION_EXISTS=pthread_create    -rdynamic CMakeFiles/cmTC_8df71.dir/CheckFunctionExists.c.o  -o cmTC_8df71 -lpthreads 
/usr/bin/ld: cannot find -lpthreads
collect2: error: ld returned 1 exit status
CMakeFiles/cmTC_8df71.dir/build.make:97: recipe for target 'cmTC_8df71' failed
make[1]: *** [cmTC_8df71] Error 1
make[1]: Leaving directory '/home/kotesh/catkin_ws/build/ur_kinematics/CMakeFiles/CMakeTmp'
Makefile:126: recipe for target 'cmTC_8df71/fast' failed
make: *** [cmTC_8df71/fast] Error 2


