Symlinking /home/kotesh/catkin_ws/devel/include/pkg_vb_sim/vacuumGripperResponse.h
Symlinking /home/kotesh/catkin_ws/devel/include/pkg_vb_sim/ConveyorBeltControlResponse.h
Symlinking /home/kotesh/catkin_ws/devel/include/pkg_vb_sim/ConveyorBeltControlRequest.h
Symlinking /home/kotesh/catkin_ws/devel/include/pkg_vb_sim/vacuumGripper.h
Symlinking /home/kotesh/catkin_ws/devel/include/pkg_vb_sim/ConveyorBeltControl.h
Symlinking /home/kotesh/catkin_ws/devel/include/pkg_vb_sim/LogicalCameraImage.h
Symlinking /home/kotesh/catkin_ws/devel/include/pkg_vb_sim/conveyorBeltPowerMsgRequest.h
Symlinking /home/kotesh/catkin_ws/devel/include/pkg_vb_sim/ConveyorBeltState.h
Symlinking /home/kotesh/catkin_ws/devel/include/pkg_vb_sim/Model.h
Symlinking /home/kotesh/catkin_ws/devel/include/pkg_vb_sim/conveyorBeltPowerMsgResponse.h
Symlinking /home/kotesh/catkin_ws/devel/include/pkg_vb_sim/vacuumGripperRequest.h
Symlinking /home/kotesh/catkin_ws/devel/include/pkg_vb_sim/conveyorBeltPowerMsg.h
Symlinking /home/kotesh/catkin_ws/devel/lib/pkgconfig/pkg_vb_sim.pc
Symlinking /home/kotesh/catkin_ws/devel/lib/python2.7/dist-packages/pkg_vb_sim/__init__.py
Symlinking /home/kotesh/catkin_ws/devel/lib/python2.7/dist-packages/pkg_vb_sim/srv/_conveyorBeltPowerMsg.py
Symlinking /home/kotesh/catkin_ws/devel/lib/python2.7/dist-packages/pkg_vb_sim/srv/_vacuumGripper.py
Symlinking /home/kotesh/catkin_ws/devel/lib/python2.7/dist-packages/pkg_vb_sim/srv/_ConveyorBeltControl.py
Symlinking /home/kotesh/catkin_ws/devel/lib/python2.7/dist-packages/pkg_vb_sim/srv/__init__.py
Symlinking /home/kotesh/catkin_ws/devel/lib/python2.7/dist-packages/pkg_vb_sim/msg/_ConveyorBeltState.py
Symlinking /home/kotesh/catkin_ws/devel/lib/python2.7/dist-packages/pkg_vb_sim/msg/_LogicalCameraImage.py
Symlinking /home/kotesh/catkin_ws/devel/lib/python2.7/dist-packages/pkg_vb_sim/msg/_Model.py
Symlinking /home/kotesh/catkin_ws/devel/lib/python2.7/dist-packages/pkg_vb_sim/msg/__init__.py
Symlinking /home/kotesh/catkin_ws/devel/share/gennodejs/ros/pkg_vb_sim/_index.js
Symlinking /home/kotesh/catkin_ws/devel/share/gennodejs/ros/pkg_vb_sim/srv/vacuumGripper.js
Symlinking /home/kotesh/catkin_ws/devel/share/gennodejs/ros/pkg_vb_sim/srv/_index.js
Symlinking /home/kotesh/catkin_ws/devel/share/gennodejs/ros/pkg_vb_sim/srv/conveyorBeltPowerMsg.js
Symlinking /home/kotesh/catkin_ws/devel/share/gennodejs/ros/pkg_vb_sim/srv/ConveyorBeltControl.js
Symlinking /home/kotesh/catkin_ws/devel/share/gennodejs/ros/pkg_vb_sim/msg/Model.js
Symlinking /home/kotesh/catkin_ws/devel/share/gennodejs/ros/pkg_vb_sim/msg/_index.js
Symlinking /home/kotesh/catkin_ws/devel/share/gennodejs/ros/pkg_vb_sim/msg/LogicalCameraImage.js
Symlinking /home/kotesh/catkin_ws/devel/share/gennodejs/ros/pkg_vb_sim/msg/ConveyorBeltState.js
Symlinking /home/kotesh/catkin_ws/devel/share/pkg_vb_sim/cmake/pkg_vb_sim-msg-paths.cmake
Symlinking /home/kotesh/catkin_ws/devel/share/pkg_vb_sim/cmake/pkg_vb_simConfig.cmake
Symlinking /home/kotesh/catkin_ws/devel/share/pkg_vb_sim/cmake/pkg_vb_simConfig-version.cmake
Symlinking /home/kotesh/catkin_ws/devel/share/pkg_vb_sim/cmake/pkg_vb_sim-msg-extras.cmake
Symlinking /home/kotesh/catkin_ws/devel/share/roseus/ros/pkg_vb_sim/manifest.l
Symlinking /home/kotesh/catkin_ws/devel/share/roseus/ros/pkg_vb_sim/srv/vacuumGripper.l
Symlinking /home/kotesh/catkin_ws/devel/share/roseus/ros/pkg_vb_sim/srv/ConveyorBeltControl.l
Symlinking /home/kotesh/catkin_ws/devel/share/roseus/ros/pkg_vb_sim/srv/conveyorBeltPowerMsg.l
Symlinking /home/kotesh/catkin_ws/devel/share/roseus/ros/pkg_vb_sim/msg/Model.l
Symlinking /home/kotesh/catkin_ws/devel/share/roseus/ros/pkg_vb_sim/msg/LogicalCameraImage.l
Symlinking /home/kotesh/catkin_ws/devel/share/roseus/ros/pkg_vb_sim/msg/ConveyorBeltState.l
Symlinking /home/kotesh/catkin_ws/devel/share/common-lisp/ros/pkg_vb_sim/srv/_package_vacuumGripper.lisp
Symlinking /home/kotesh/catkin_ws/devel/share/common-lisp/ros/pkg_vb_sim/srv/vacuumGripper.lisp
Symlinking /home/kotesh/catkin_ws/devel/share/common-lisp/ros/pkg_vb_sim/srv/_package_conveyorBeltPowerMsg.lisp
Symlinking /home/kotesh/catkin_ws/devel/share/common-lisp/ros/pkg_vb_sim/srv/ConveyorBeltControl.lisp
Symlinking /home/kotesh/catkin_ws/devel/share/common-lisp/ros/pkg_vb_sim/srv/_package_ConveyorBeltControl.lisp
Symlinking /home/kotesh/catkin_ws/devel/share/common-lisp/ros/pkg_vb_sim/srv/_package.lisp
Symlinking /home/kotesh/catkin_ws/devel/share/common-lisp/ros/pkg_vb_sim/srv/pkg_vb_sim-srv.asd
Symlinking /home/kotesh/catkin_ws/devel/share/common-lisp/ros/pkg_vb_sim/srv/conveyorBeltPowerMsg.lisp
Symlinking /home/kotesh/catkin_ws/devel/share/common-lisp/ros/pkg_vb_sim/msg/Model.lisp
Symlinking /home/kotesh/catkin_ws/devel/share/common-lisp/ros/pkg_vb_sim/msg/LogicalCameraImage.lisp
Symlinking /home/kotesh/catkin_ws/devel/share/common-lisp/ros/pkg_vb_sim/msg/ConveyorBeltState.lisp
Symlinking /home/kotesh/catkin_ws/devel/share/common-lisp/ros/pkg_vb_sim/msg/_package_ConveyorBeltState.lisp
Symlinking /home/kotesh/catkin_ws/devel/share/common-lisp/ros/pkg_vb_sim/msg/_package_Model.lisp
Symlinking /home/kotesh/catkin_ws/devel/share/common-lisp/ros/pkg_vb_sim/msg/pkg_vb_sim-msg.asd
Symlinking /home/kotesh/catkin_ws/devel/share/common-lisp/ros/pkg_vb_sim/msg/_package.lisp
Symlinking /home/kotesh/catkin_ws/devel/share/common-lisp/ros/pkg_vb_sim/msg/_package_LogicalCameraImage.lisp
