Determining if the pthread_create exist failed with the following output:
Change Dir: /home/kotesh/catkin_ws/build/ur10_moveit_config/CMakeFiles/CMakeTmp

Run Build Command:"/usr/bin/make" "cmTC_a1db6/fast"
/usr/bin/make -f CMakeFiles/cmTC_a1db6.dir/build.make CMakeFiles/cmTC_a1db6.dir/build
make[1]: Entering directory '/home/kotesh/catkin_ws/build/ur10_moveit_config/CMakeFiles/CMakeTmp'
Building C object CMakeFiles/cmTC_a1db6.dir/CheckSymbolExists.c.o
/usr/bin/cc    -o CMakeFiles/cmTC_a1db6.dir/CheckSymbolExists.c.o   -c /home/kotesh/catkin_ws/build/ur10_moveit_config/CMakeFiles/CMakeTmp/CheckSymbolExists.c
Linking C executable cmTC_a1db6
/usr/bin/cmake -E cmake_link_script CMakeFiles/cmTC_a1db6.dir/link.txt --verbose=1
/usr/bin/cc      -rdynamic CMakeFiles/cmTC_a1db6.dir/CheckSymbolExists.c.o  -o cmTC_a1db6 
CMakeFiles/cmTC_a1db6.dir/CheckSymbolExists.c.o: In function `main':
CheckSymbolExists.c:(.text+0x1b): undefined reference to `pthread_create'
collect2: error: ld returned 1 exit status
CMakeFiles/cmTC_a1db6.dir/build.make:97: recipe for target 'cmTC_a1db6' failed
make[1]: *** [cmTC_a1db6] Error 1
make[1]: Leaving directory '/home/kotesh/catkin_ws/build/ur10_moveit_config/CMakeFiles/CMakeTmp'
Makefile:126: recipe for target 'cmTC_a1db6/fast' failed
make: *** [cmTC_a1db6/fast] Error 2

File /home/kotesh/catkin_ws/build/ur10_moveit_config/CMakeFiles/CMakeTmp/CheckSymbolExists.c:
/* */
#include <pthread.h>

int main(int argc, char** argv)
{
  (void)argv;
#ifndef pthread_create
  return ((int*)(&pthread_create))[argc];
#else
  (void)argc;
  return 0;
#endif
}

Determining if the function pthread_create exists in the pthreads failed with the following output:
Change Dir: /home/kotesh/catkin_ws/build/ur10_moveit_config/CMakeFiles/CMakeTmp

Run Build Command:"/usr/bin/make" "cmTC_5bdbb/fast"
/usr/bin/make -f CMakeFiles/cmTC_5bdbb.dir/build.make CMakeFiles/cmTC_5bdbb.dir/build
make[1]: Entering directory '/home/kotesh/catkin_ws/build/ur10_moveit_config/CMakeFiles/CMakeTmp'
Building C object CMakeFiles/cmTC_5bdbb.dir/CheckFunctionExists.c.o
/usr/bin/cc   -DCHECK_FUNCTION_EXISTS=pthread_create   -o CMakeFiles/cmTC_5bdbb.dir/CheckFunctionExists.c.o   -c /usr/share/cmake-3.10/Modules/CheckFunctionExists.c
Linking C executable cmTC_5bdbb
/usr/bin/cmake -E cmake_link_script CMakeFiles/cmTC_5bdbb.dir/link.txt --verbose=1
/usr/bin/cc  -DCHECK_FUNCTION_EXISTS=pthread_create    -rdynamic CMakeFiles/cmTC_5bdbb.dir/CheckFunctionExists.c.o  -o cmTC_5bdbb -lpthreads 
/usr/bin/ld: cannot find -lpthreads
collect2: error: ld returned 1 exit status
CMakeFiles/cmTC_5bdbb.dir/build.make:97: recipe for target 'cmTC_5bdbb' failed
make[1]: *** [cmTC_5bdbb] Error 1
make[1]: Leaving directory '/home/kotesh/catkin_ws/build/ur10_moveit_config/CMakeFiles/CMakeTmp'
Makefile:126: recipe for target 'cmTC_5bdbb/fast' failed
make: *** [cmTC_5bdbb/fast] Error 2


