Determining if the pthread_create exist failed with the following output:
Change Dir: /home/kotesh/catkin_ws/build/hrwros_support/CMakeFiles/CMakeTmp

Run Build Command:"/usr/bin/make" "cmTC_0102d/fast"
/usr/bin/make -f CMakeFiles/cmTC_0102d.dir/build.make CMakeFiles/cmTC_0102d.dir/build
make[1]: Entering directory '/home/kotesh/catkin_ws/build/hrwros_support/CMakeFiles/CMakeTmp'
Building C object CMakeFiles/cmTC_0102d.dir/CheckSymbolExists.c.o
/usr/bin/cc    -o CMakeFiles/cmTC_0102d.dir/CheckSymbolExists.c.o   -c /home/kotesh/catkin_ws/build/hrwros_support/CMakeFiles/CMakeTmp/CheckSymbolExists.c
Linking C executable cmTC_0102d
/usr/bin/cmake -E cmake_link_script CMakeFiles/cmTC_0102d.dir/link.txt --verbose=1
/usr/bin/cc      -rdynamic CMakeFiles/cmTC_0102d.dir/CheckSymbolExists.c.o  -o cmTC_0102d 
CMakeFiles/cmTC_0102d.dir/CheckSymbolExists.c.o: In function `main':
CheckSymbolExists.c:(.text+0x1b): undefined reference to `pthread_create'
collect2: error: ld returned 1 exit status
CMakeFiles/cmTC_0102d.dir/build.make:97: recipe for target 'cmTC_0102d' failed
make[1]: *** [cmTC_0102d] Error 1
make[1]: Leaving directory '/home/kotesh/catkin_ws/build/hrwros_support/CMakeFiles/CMakeTmp'
Makefile:126: recipe for target 'cmTC_0102d/fast' failed
make: *** [cmTC_0102d/fast] Error 2

File /home/kotesh/catkin_ws/build/hrwros_support/CMakeFiles/CMakeTmp/CheckSymbolExists.c:
/* */
#include <pthread.h>

int main(int argc, char** argv)
{
  (void)argv;
#ifndef pthread_create
  return ((int*)(&pthread_create))[argc];
#else
  (void)argc;
  return 0;
#endif
}

Determining if the function pthread_create exists in the pthreads failed with the following output:
Change Dir: /home/kotesh/catkin_ws/build/hrwros_support/CMakeFiles/CMakeTmp

Run Build Command:"/usr/bin/make" "cmTC_e7838/fast"
/usr/bin/make -f CMakeFiles/cmTC_e7838.dir/build.make CMakeFiles/cmTC_e7838.dir/build
make[1]: Entering directory '/home/kotesh/catkin_ws/build/hrwros_support/CMakeFiles/CMakeTmp'
Building C object CMakeFiles/cmTC_e7838.dir/CheckFunctionExists.c.o
/usr/bin/cc   -DCHECK_FUNCTION_EXISTS=pthread_create   -o CMakeFiles/cmTC_e7838.dir/CheckFunctionExists.c.o   -c /usr/share/cmake-3.10/Modules/CheckFunctionExists.c
Linking C executable cmTC_e7838
/usr/bin/cmake -E cmake_link_script CMakeFiles/cmTC_e7838.dir/link.txt --verbose=1
/usr/bin/cc  -DCHECK_FUNCTION_EXISTS=pthread_create    -rdynamic CMakeFiles/cmTC_e7838.dir/CheckFunctionExists.c.o  -o cmTC_e7838 -lpthreads 
/usr/bin/ld: cannot find -lpthreads
collect2: error: ld returned 1 exit status
CMakeFiles/cmTC_e7838.dir/build.make:97: recipe for target 'cmTC_e7838' failed
make[1]: *** [cmTC_e7838] Error 1
make[1]: Leaving directory '/home/kotesh/catkin_ws/build/hrwros_support/CMakeFiles/CMakeTmp'
Makefile:126: recipe for target 'cmTC_e7838/fast' failed
make: *** [cmTC_e7838/fast] Error 2


